E:\DROPBOX\PROJECT\TOWERDEFENSECCX-WIN32\PROJ.WIN32\DEBUG.WIN32\ANIMATEPACKER.OBJ
E:\DROPBOX\PROJECT\TOWERDEFENSECCX-WIN32\PROJ.WIN32\DEBUG.WIN32\ANIMATEPACKERCACHE.OBJ
E:\DROPBOX\PROJECT\TOWERDEFENSECCX-WIN32\PROJ.WIN32\DEBUG.WIN32\APPDELEGATE.OBJ
E:\DROPBOX\PROJECT\TOWERDEFENSECCX-WIN32\PROJ.WIN32\DEBUG.WIN32\BULLET.OBJ
E:\DROPBOX\PROJECT\TOWERDEFENSECCX-WIN32\PROJ.WIN32\DEBUG.WIN32\CCSPRITELG.OBJ
E:\Dropbox\project\TowerDefenseCCX-win32\proj.win32\Debug.win32\cl.command.1.tlog
E:\Dropbox\project\TowerDefenseCCX-win32\proj.win32\Debug.win32\CL.read.1.tlog
E:\Dropbox\project\TowerDefenseCCX-win32\proj.win32\Debug.win32\CL.write.1.tlog
E:\DROPBOX\PROJECT\TOWERDEFENSECCX-WIN32\PROJ.WIN32\DEBUG.WIN32\CREEPS.OBJ
E:\DROPBOX\PROJECT\TOWERDEFENSECCX-WIN32\PROJ.WIN32\DEBUG.WIN32\DATAINPUTSTREAM.OBJ
E:\DROPBOX\PROJECT\TOWERDEFENSECCX-WIN32\PROJ.WIN32\DEBUG.WIN32\DATAMODEL.OBJ
E:\DROPBOX\PROJECT\TOWERDEFENSECCX-WIN32\PROJ.WIN32\DEBUG.WIN32\GAMEHUD.OBJ
E:\DROPBOX\PROJECT\TOWERDEFENSECCX-WIN32\PROJ.WIN32\DEBUG.WIN32\HELLOWORLDSCENE.OBJ
E:\DROPBOX\PROJECT\TOWERDEFENSECCX-WIN32\PROJ.WIN32\DEBUG.WIN32\INFO.OBJ
E:\DROPBOX\PROJECT\TOWERDEFENSECCX-WIN32\PROJ.WIN32\DEBUG.WIN32\MAIN.OBJ
E:\DROPBOX\PROJECT\TOWERDEFENSECCX-WIN32\PROJ.WIN32\DEBUG.WIN32\MYSQLITE.OBJ
E:\DROPBOX\PROJECT\TOWERDEFENSECCX-WIN32\PROJ.WIN32\DEBUG.WIN32\ROLE.OBJ
E:\DROPBOX\PROJECT\TOWERDEFENSECCX-WIN32\PROJ.WIN32\DEBUG.WIN32\UTIL.OBJ
E:\Dropbox\project\TowerDefenseCCX-win32\proj.win32\Debug.win32\vc100.idb
E:\DROPBOX\PROJECT\TOWERDEFENSECCX-WIN32\PROJ.WIN32\DEBUG.WIN32\VC100.PDB
E:\DROPBOX\PROJECT\TOWERDEFENSECCX-WIN32\PROJ.WIN32\DEBUG.WIN32\WAVE.OBJ
E:\DROPBOX\PROJECT\TOWERDEFENSECCX-WIN32\PROJ.WIN32\DEBUG.WIN32\WAYPOINT.OBJ
